<?xml version="1.0" encoding="UTF-8"?>
<testsuite xmlns:xsi="http://www.w3.org/2001/XMLSchema-instance" xsi:noNamespaceSchemaLocation="https://maven.apache.org/surefire/maven-surefire-plugin/xsd/surefire-test-report.xsd" name="TestSuite" time="74.798" tests="6" errors="0" skipped="0" failures="0">
  <properties>
[...]
</properties>
  <testcase name="loginUsingValidCredentials" classname="parentappTestCases.LoginScenariosTest" time="0.098"/>
  <testcase name="loginUsingValidCredentials" classname="parentappTestCases.LoginScenariosTest" time="1.273"/>
  <testcase name="loginUsingValidCredentials" classname="parentappTestCases.LoginScenariosTest" time="6.523"/>
  <testcase name="loginUsingValidCredentials" classname="parentappTestCases.LoginScenariosTest" time="6.578"/>
  <testcase name="loginUsingValidCredentials" classname="parentappTestCases.LoginScenariosTest" time="9.945"/>
  <testcase name="loginUsingValidCredentials" classname="parentappTestCases.LoginScenariosTest" time="12.094"/>
</testsuite>