<?xml version="1.0" encoding="UTF-8"?>
<testng-results ignored="0" total="6" passed="6" failed="0" skipped="0">
  <reporter-output>
  </reporter-output>
  <suite started-at="2023-02-23T09:50:10 IST" name="All Test Suite" finished-at="2023-02-23T09:51:24 IST" duration-ms="73962">
    <groups>
      <group name="smoke">
        <method signature="LoginScenariosTest.loginUsingValidCredentials()[pri:0, instance:parentappTestCases.LoginScenariosTest@3e48d38]" name="loginUsingValidCredentials" class="parentappTestCases.LoginScenariosTest"/>
        <method signature="LoginScenariosTest.loginUsingValidCredentials()[pri:0, instance:parentappTestCases.LoginScenariosTest@107f4980]" name="loginUsingValidCredentials" class="parentappTestCases.LoginScenariosTest"/>
        <method signature="LoginScenariosTest.loginUsingValidCredentials()[pri:0, instance:parentappTestCases.LoginScenariosTest@acdcf71]" name="loginUsingValidCredentials" class="parentappTestCases.LoginScenariosTest"/>
        <method signature="LoginScenariosTest.loginUsingValidCredentials()[pri:0, instance:parentappTestCases.LoginScenariosTest@6bda1d19]" name="loginUsingValidCredentials" class="parentappTestCases.LoginScenariosTest"/>
        <method signature="LoginScenariosTest.loginUsingValidCredentials()[pri:0, instance:parentappTestCases.LoginScenariosTest@37b57b54]" name="loginUsingValidCredentials" class="parentappTestCases.LoginScenariosTest"/>
        <method signature="LoginScenariosTest.loginUsingValidCredentials()[pri:0, instance:parentappTestCases.LoginScenariosTest@7be71476]" name="loginUsingValidCredentials" class="parentappTestCases.LoginScenariosTest"/>
      </group> <!-- smoke -->
    </groups>
    <test started-at="2023-02-23T09:50:10 IST" name="C:/Users/jeffi/IdeaProjects/LearningBS-0" finished-at="2023-02-23T09:50:57 IST" duration-ms="47047">
      <class name="parentappTestCases.LoginScenariosTest">
        <test-method is-config="true" signature="setCapabilities()[pri:0, instance:parentappTestCases.LoginScenariosTest@3e48d38]" started-at="2023-02-23T09:50:10 IST" name="setCapabilities" finished-at="2023-02-23T09:50:49 IST" duration-ms="38314" status="PASS">
          <reporter-output>
          </reporter-output>
        </test-method> <!-- setCapabilities -->
        <test-method is-config="true" signature="beforeMethod()[pri:0, instance:parentappTestCases.LoginScenariosTest@3e48d38]" started-at="2023-02-23T09:50:49 IST" name="beforeMethod" finished-at="2023-02-23T09:50:49 IST" duration-ms="8" status="PASS">
          <reporter-output>
          </reporter-output>
        </test-method> <!-- beforeMethod -->
        <test-method signature="loginUsingValidCredentials()[pri:0, instance:parentappTestCases.LoginScenariosTest@3e48d38]" started-at="2023-02-23T09:50:49 IST" name="loginUsingValidCredentials" finished-at="2023-02-23T09:50:54 IST" duration-ms="5542" status="PASS">
          <reporter-output>
          </reporter-output>
        </test-method> <!-- loginUsingValidCredentials -->
        <test-method is-config="true" signature="tearDown()[pri:0, instance:parentappTestCases.LoginScenariosTest@3e48d38]" started-at="2023-02-23T09:50:54 IST" name="tearDown" finished-at="2023-02-23T09:50:57 IST" duration-ms="3010" status="PASS">
          <reporter-output>
          </reporter-output>
        </test-method> <!-- tearDown -->
      </class> <!-- parentappTestCases.LoginScenariosTest -->
    </test> <!-- C:/Users/jeffi/IdeaProjects/LearningBS-0 -->
    <test started-at="2023-02-23T09:50:10 IST" name="C:/Users/jeffi/IdeaProjects/LearningBS-5" finished-at="2023-02-23T09:50:58 IST" duration-ms="48004">
      <class name="parentappTestCases.LoginScenariosTest">
        <test-method is-config="true" signature="setCapabilities()[pri:0, instance:parentappTestCases.LoginScenariosTest@7be71476]" started-at="2023-02-23T09:50:10 IST" name="setCapabilities" finished-at="2023-02-23T09:50:48 IST" duration-ms="37389" status="PASS">
          <reporter-output>
          </reporter-output>
        </test-method> <!-- setCapabilities -->
        <test-method signature="loginUsingValidCredentials()[pri:0, instance:parentappTestCases.LoginScenariosTest@7be71476]" started-at="2023-02-23T09:50:48 IST" name="loginUsingValidCredentials" finished-at="2023-02-23T09:50:55 IST" duration-ms="7642" status="PASS">
          <reporter-output>
          </reporter-output>
        </test-method> <!-- loginUsingValidCredentials -->
        <test-method is-config="true" signature="beforeMethod()[pri:0, instance:parentappTestCases.LoginScenariosTest@7be71476]" started-at="2023-02-23T09:50:48 IST" name="beforeMethod" finished-at="2023-02-23T09:50:48 IST" duration-ms="0" status="PASS">
          <reporter-output>
          </reporter-output>
        </test-method> <!-- beforeMethod -->
        <test-method is-config="true" signature="tearDown()[pri:0, instance:parentappTestCases.LoginScenariosTest@7be71476]" started-at="2023-02-23T09:50:55 IST" name="tearDown" finished-at="2023-02-23T09:50:58 IST" duration-ms="2791" status="PASS">
          <reporter-output>
          </reporter-output>
        </test-method> <!-- tearDown -->
      </class> <!-- parentappTestCases.LoginScenariosTest -->
    </test> <!-- C:/Users/jeffi/IdeaProjects/LearningBS-5 -->
    <test started-at="2023-02-23T09:50:10 IST" name="C:/Users/jeffi/IdeaProjects/LearningBS-1" finished-at="2023-02-23T09:51:03 IST" duration-ms="53129">
      <class name="parentappTestCases.LoginScenariosTest">
        <test-method is-config="true" signature="setCapabilities()[pri:0, instance:parentappTestCases.LoginScenariosTest@107f4980]" started-at="2023-02-23T09:50:10 IST" name="setCapabilities" finished-at="2023-02-23T09:50:54 IST" duration-ms="43857" status="PASS">
          <reporter-output>
          </reporter-output>
        </test-method> <!-- setCapabilities -->
        <test-method is-config="true" signature="beforeMethod()[pri:0, instance:parentappTestCases.LoginScenariosTest@107f4980]" started-at="2023-02-23T09:50:54 IST" name="beforeMethod" finished-at="2023-02-23T09:50:54 IST" duration-ms="1" status="PASS">
          <reporter-output>
          </reporter-output>
        </test-method> <!-- beforeMethod -->
        <test-method signature="loginUsingValidCredentials()[pri:0, instance:parentappTestCases.LoginScenariosTest@107f4980]" started-at="2023-02-23T09:50:54 IST" name="loginUsingValidCredentials" finished-at="2023-02-23T09:51:01 IST" duration-ms="6497" status="PASS">
          <reporter-output>
          </reporter-output>
        </test-method> <!-- loginUsingValidCredentials -->
        <test-method is-config="true" signature="tearDown()[pri:0, instance:parentappTestCases.LoginScenariosTest@107f4980]" started-at="2023-02-23T09:51:01 IST" name="tearDown" finished-at="2023-02-23T09:51:03 IST" duration-ms="2611" status="PASS">
          <reporter-output>
          </reporter-output>
        </test-method> <!-- tearDown -->
      </class> <!-- parentappTestCases.LoginScenariosTest -->
    </test> <!-- C:/Users/jeffi/IdeaProjects/LearningBS-1 -->
    <test started-at="2023-02-23T09:50:10 IST" name="C:/Users/jeffi/IdeaProjects/LearningBS-2" finished-at="2023-02-23T09:51:04 IST" duration-ms="53236">
      <class name="parentappTestCases.LoginScenariosTest">
        <test-method is-config="true" signature="setCapabilities()[pri:0, instance:parentappTestCases.LoginScenariosTest@acdcf71]" started-at="2023-02-23T09:50:10 IST" name="setCapabilities" finished-at="2023-02-23T09:50:53 IST" duration-ms="43006" status="PASS">
          <reporter-output>
          </reporter-output>
        </test-method> <!-- setCapabilities -->
        <test-method is-config="true" signature="beforeMethod()[pri:0, instance:parentappTestCases.LoginScenariosTest@acdcf71]" started-at="2023-02-23T09:50:53 IST" name="beforeMethod" finished-at="2023-02-23T09:50:53 IST" duration-ms="8" status="PASS">
          <reporter-output>
          </reporter-output>
        </test-method> <!-- beforeMethod -->
        <test-method signature="loginUsingValidCredentials()[pri:0, instance:parentappTestCases.LoginScenariosTest@acdcf71]" started-at="2023-02-23T09:50:53 IST" name="loginUsingValidCredentials" finished-at="2023-02-23T09:51:01 IST" duration-ms="7250" status="PASS">
          <reporter-output>
          </reporter-output>
        </test-method> <!-- loginUsingValidCredentials -->
        <test-method is-config="true" signature="tearDown()[pri:0, instance:parentappTestCases.LoginScenariosTest@acdcf71]" started-at="2023-02-23T09:51:01 IST" name="tearDown" finished-at="2023-02-23T09:51:04 IST" duration-ms="2773" status="PASS">
          <reporter-output>
          </reporter-output>
        </test-method> <!-- tearDown -->
      </class> <!-- parentappTestCases.LoginScenariosTest -->
    </test> <!-- C:/Users/jeffi/IdeaProjects/LearningBS-2 -->
    <test started-at="2023-02-23T09:50:10 IST" name="C:/Users/jeffi/IdeaProjects/LearningBS-3" finished-at="2023-02-23T09:51:22 IST" duration-ms="72112">
      <class name="parentappTestCases.LoginScenariosTest">
        <test-method is-config="true" signature="setCapabilities()[pri:0, instance:parentappTestCases.LoginScenariosTest@6bda1d19]" started-at="2023-02-23T09:50:10 IST" name="setCapabilities" finished-at="2023-02-23T09:51:08 IST" duration-ms="57430" status="PASS">
          <reporter-output>
          </reporter-output>
        </test-method> <!-- setCapabilities -->
        <test-method signature="loginUsingValidCredentials()[pri:0, instance:parentappTestCases.LoginScenariosTest@6bda1d19]" started-at="2023-02-23T09:51:08 IST" name="loginUsingValidCredentials" finished-at="2023-02-23T09:51:20 IST" duration-ms="11944" status="PASS">
          <reporter-output>
          </reporter-output>
        </test-method> <!-- loginUsingValidCredentials -->
        <test-method is-config="true" signature="beforeMethod()[pri:0, instance:parentappTestCases.LoginScenariosTest@6bda1d19]" started-at="2023-02-23T09:51:08 IST" name="beforeMethod" finished-at="2023-02-23T09:51:08 IST" duration-ms="0" status="PASS">
          <reporter-output>
          </reporter-output>
        </test-method> <!-- beforeMethod -->
        <test-method is-config="true" signature="tearDown()[pri:0, instance:parentappTestCases.LoginScenariosTest@6bda1d19]" started-at="2023-02-23T09:51:20 IST" name="tearDown" finished-at="2023-02-23T09:51:22 IST" duration-ms="2583" status="PASS">
          <reporter-output>
          </reporter-output>
        </test-method> <!-- tearDown -->
      </class> <!-- parentappTestCases.LoginScenariosTest -->
    </test> <!-- C:/Users/jeffi/IdeaProjects/LearningBS-3 -->
    <test started-at="2023-02-23T09:50:10 IST" name="C:/Users/jeffi/IdeaProjects/LearningBS-4" finished-at="2023-02-23T09:51:24 IST" duration-ms="73962">
      <class name="parentappTestCases.LoginScenariosTest">
        <test-method is-config="true" signature="setCapabilities()[pri:0, instance:parentappTestCases.LoginScenariosTest@37b57b54]" started-at="2023-02-23T09:50:10 IST" name="setCapabilities" finished-at="2023-02-23T09:51:10 IST" duration-ms="59497" status="PASS">
          <reporter-output>
          </reporter-output>
        </test-method> <!-- setCapabilities -->
        <test-method is-config="true" signature="beforeMethod()[pri:0, instance:parentappTestCases.LoginScenariosTest@37b57b54]" started-at="2023-02-23T09:51:10 IST" name="beforeMethod" finished-at="2023-02-23T09:51:10 IST" duration-ms="5" status="PASS">
          <reporter-output>
          </reporter-output>
        </test-method> <!-- beforeMethod -->
        <test-method signature="loginUsingValidCredentials()[pri:0, instance:parentappTestCases.LoginScenariosTest@37b57b54]" started-at="2023-02-23T09:51:10 IST" name="loginUsingValidCredentials" finished-at="2023-02-23T09:51:22 IST" duration-ms="12011" status="PASS">
          <reporter-output>
          </reporter-output>
        </test-method> <!-- loginUsingValidCredentials -->
        <test-method is-config="true" signature="tearDown()[pri:0, instance:parentappTestCases.LoginScenariosTest@37b57b54]" started-at="2023-02-23T09:51:22 IST" name="tearDown" finished-at="2023-02-23T09:51:24 IST" duration-ms="2284" status="PASS">
          <reporter-output>
          </reporter-output>
        </test-method> <!-- tearDown -->
      </class> <!-- parentappTestCases.LoginScenariosTest -->
    </test> <!-- C:/Users/jeffi/IdeaProjects/LearningBS-4 -->
  </suite> <!-- All Test Suite -->
</testng-results>
